<?xml version="1.0" encoding="UTF-8" ?>
<testsuite tests="1" failures="0" name="de.uni_mannheim.informatik.dws.wdi.ExerciseIdentityResolution.AppTest" time="0.004" errors="0" skipped="0">
  <properties>
    <property name="java.runtime.name" value="Java(TM) SE Runtime Environment"/>
    <property name="sun.boot.library.path" value="C:\Program Files (x86)\Java\jdk1.8.0_111\jre\bin"/>
    <property name="java.vm.version" value="25.111-b14"/>
    <property name="java.vm.vendor" value="Oracle Corporation"/>
    <property name="maven.multiModuleProjectDirectory" value="C:\Users\User\Desktop\WDI Exercise2\exercise_solutions\2017_ExerciseIdentityResolution"/>
    <property name="java.vendor.url" value="http://java.oracle.com/"/>
    <property name="path.separator" value=";"/>
    <property name="guice.disable.misplaced.annotation.check" value="true"/>
    <property name="java.vm.name" value="Java HotSpot(TM) Client VM"/>
    <property name="file.encoding.pkg" value="sun.io"/>
    <property name="user.script" value=""/>
    <property name="user.country" value="US"/>
    <property name="sun.java.launcher" value="SUN_STANDARD"/>
    <property name="sun.os.patch.level" value=""/>
    <property name="java.vm.specification.name" value="Java Virtual Machine Specification"/>
    <property name="user.dir" value="C:\Users\User\Desktop\WDI Exercise2\exercise_solutions\2017_ExerciseIdentityResolution"/>
    <property name="java.runtime.version" value="1.8.0_111-b14"/>
    <property name="java.awt.graphicsenv" value="sun.awt.Win32GraphicsEnvironment"/>
    <property name="java.endorsed.dirs" value="C:\Program Files (x86)\Java\jdk1.8.0_111\jre\lib\endorsed"/>
    <property name="os.arch" value="x86"/>
    <property name="java.io.tmpdir" value="C:\Users\User\AppData\Local\Temp\"/>
    <property name="line.separator" value="
"/>
    <property name="java.vm.specification.vendor" value="Oracle Corporation"/>
    <property name="user.variant" value=""/>
    <property name="os.name" value="Windows 10"/>
    <property name="classworlds.conf" value="C:\Users\User\Documents\Teaching_Supervising\WDI\.metadata\.plugins\org.eclipse.m2e.launching\launches\m2conf3957564788843745245.tmp"/>
    <property name="sun.jnu.encoding" value="Cp1252"/>
    <property name="java.library.path" value="C:\Program Files (x86)\Java\jdk1.8.0_111\bin;C:\WINDOWS\Sun\Java\bin;C:\WINDOWS\system32;C:\WINDOWS;C:/Program Files/Java/jre1.8.0_111/bin/server;C:/Program Files/Java/jre1.8.0_111/bin;C:/Program Files/Java/jre1.8.0_111/lib/amd64;C:\ProgramData\Oracle\Java\javapath;C:\WINDOWS\system32;C:\WINDOWS;C:\WINDOWS\System32\Wbem;C:\WINDOWS\System32\WindowsPowerShell\v1.0\;C:\Program Files\RedHat\java-1.8.0-openjdk-1.8.0.111-1\bin;C:\Program Files\TortoiseSVN\bin;C:\Program Files\VisualSVN Server\bin;C:\Users\User\apache-maven-3.3.9-bin\apache-maven-3.3.9\bin;C:\Users\User\apache-maven-3.3.9-bin\apache-maven-3.3.9\bin;C:\Users\User\play-2.2.1\play-2.2.1;C:\Program Files (x86)\sbt\bin;C:\Program Files\MiKTeX 2.9\miktex\bin\x64\;C:\Program Files\Amazon\AWSCLI\;C:\Program Files\PuTTY\;C:\Users\User\AppData\Local\Microsoft\WindowsApps;;C:\WINDOWS\System32;;."/>
    <property name="java.specification.name" value="Java Platform API Specification"/>
    <property name="java.class.version" value="52.0"/>
    <property name="sun.management.compiler" value="HotSpot Client Compiler"/>
    <property name="os.version" value="10.0"/>
    <property name="user.home" value="C:\Users\User"/>
    <property name="user.timezone" value="Europe/Berlin"/>
    <property name="java.awt.printerjob" value="sun.awt.windows.WPrinterJob"/>
    <property name="java.specification.version" value="1.8"/>
    <property name="file.encoding" value="Cp1252"/>
    <property name="user.name" value="Anna Primpeli"/>
    <property name="java.class.path" value="/C:/Users/User/eclipse/java-neon/eclipse/../../../.p2/pool/plugins/org.eclipse.m2e.maven.runtime_1.7.0.20160603-1931/jars/plexus-classworlds-2.5.2.jar"/>
    <property name="java.vm.specification.version" value="1.8"/>
    <property name="sun.arch.data.model" value="32"/>
    <property name="java.home" value="C:\Program Files (x86)\Java\jdk1.8.0_111\jre"/>
    <property name="sun.java.command" value="org.codehaus.plexus.classworlds.launcher.Launcher -B install"/>
    <property name="java.specification.vendor" value="Oracle Corporation"/>
    <property name="user.language" value="en"/>
    <property name="awt.toolkit" value="sun.awt.windows.WToolkit"/>
    <property name="java.vm.info" value="mixed mode"/>
    <property name="java.version" value="1.8.0_111"/>
    <property name="java.ext.dirs" value="C:\Program Files (x86)\Java\jdk1.8.0_111\jre\lib\ext;C:\WINDOWS\Sun\Java\lib\ext"/>
    <property name="sun.boot.class.path" value="C:\Program Files (x86)\Java\jdk1.8.0_111\jre\lib\resources.jar;C:\Program Files (x86)\Java\jdk1.8.0_111\jre\lib\rt.jar;C:\Program Files (x86)\Java\jdk1.8.0_111\jre\lib\sunrsasign.jar;C:\Program Files (x86)\Java\jdk1.8.0_111\jre\lib\jsse.jar;C:\Program Files (x86)\Java\jdk1.8.0_111\jre\lib\jce.jar;C:\Program Files (x86)\Java\jdk1.8.0_111\jre\lib\charsets.jar;C:\Program Files (x86)\Java\jdk1.8.0_111\jre\lib\jfr.jar;C:\Program Files (x86)\Java\jdk1.8.0_111\jre\classes"/>
    <property name="java.vendor" value="Oracle Corporation"/>
    <property name="maven.home" value="C:\Users\User\Desktop\WDI Exercise2\exercise_solutions\2017_ExerciseIdentityResolution\EMBEDDED"/>
    <property name="file.separator" value="\"/>
    <property name="java.vendor.url.bug" value="http://bugreport.sun.com/bugreport/"/>
    <property name="sun.cpu.endian" value="little"/>
    <property name="sun.io.unicode.encoding" value="UnicodeLittle"/>
    <property name="sun.desktop" value="windows"/>
    <property name="sun.cpu.isalist" value="pentium_pro+mmx pentium_pro pentium+mmx pentium i486 i386 i86"/>
  </properties>
  <testcase classname="de.uni_mannheim.informatik.dws.wdi.ExerciseIdentityResolution.AppTest" name="testApp" time="0.004"/>
</testsuite>